2020-02-12 11:10:32 [@DESKTOP-JKQTNLJ]
Interno #1: Ejecutar createinquest
2020-02-12 11:11:13 [@DESKTOP-JKQTNLJ]
Interno #1: Ejecutar watcher
2020-02-12 11:19:04 [2@DESKTOP-JKQTNLJ]
Interno #1: Ejecutar ticketrecurrent
2020-02-12 11:39:29 [2@DESKTOP-JKQTNLJ]
Interno #1: Ejecutar planningrecall
2020-02-12 11:44:46 [2@DESKTOP-JKQTNLJ]
Interno #1: Ejecutar queuednotification
2020-02-12 11:49:56 [2@DESKTOP-JKQTNLJ]
Interno #1: Ejecutar queuednotificationclean
2020-02-13 10:28:41 [2@DESKTOP-JKQTNLJ]
Interno #1: Ejecutar temp
2020-02-13 10:44:19 [2@DESKTOP-JKQTNLJ]
Interno #1: Ejecutar mailgateerror
2020-02-13 10:49:56 [2@DESKTOP-JKQTNLJ]
Interno #1: Ejecutar contract
2020-02-13 10:57:17 [2@DESKTOP-JKQTNLJ]
Interno #1: Ejecutar infocom
2020-02-17 07:36:24 [2@DESKTOP-JKQTNLJ]
Interno #1: Ejecutar mailgate
2020-02-17 07:41:45 [2@DESKTOP-JKQTNLJ]
Interno #1: Ejecutar session
2020-02-17 07:46:52 [2@DESKTOP-JKQTNLJ]
Interno #1: Ejecutar graph
2020-02-17 07:52:54 [2@DESKTOP-JKQTNLJ]
Interno #1: Ejecutar reservation
2020-02-17 08:01:44 [2@DESKTOP-JKQTNLJ]
Interno #1: Ejecutar closeticket
2020-02-17 08:06:57 [2@DESKTOP-JKQTNLJ]
Interno #1: Ejecutar alertnotclosed
2020-02-17 08:12:11 [2@DESKTOP-JKQTNLJ]
Interno #1: Ejecutar slaticket
2020-02-17 08:17:14 [2@DESKTOP-JKQTNLJ]
Interno #1: Ejecutar olaticket
2020-02-17 08:23:45 [9@DESKTOP-JKQTNLJ]
Interno #1: Ejecutar planningrecall
2020-02-17 08:31:18 [6@DESKTOP-JKQTNLJ]
Interno #1: Ejecutar queuednotification
2020-02-17 08:35:55 [2@DESKTOP-JKQTNLJ]
Interno #1: Ejecutar ticketrecurrent
2020-02-17 08:38:12 [6@DESKTOP-JKQTNLJ]
Interno #1: Ejecutar createinquest
2020-02-17 08:41:46 [2@DESKTOP-JKQTNLJ]
Interno #1: Ejecutar watcher
2020-02-17 08:50:29 [2@DESKTOP-JKQTNLJ]
Interno #1: Ejecutar temp
2020-02-17 08:56:25 [2@DESKTOP-JKQTNLJ]
Interno #1: Ejecutar queuednotificationclean
2020-02-17 08:56:36 [6@DESKTOP-JKQTNLJ]
Interno #1: Ejecutar mailgateerror
2020-02-17 09:01:34 [2@DESKTOP-JKQTNLJ]
Interno #1: Ejecutar contract
2020-02-17 09:06:36 [2@DESKTOP-JKQTNLJ]
Interno #1: Ejecutar infocom
2020-02-17 09:12:13 [2@DESKTOP-JKQTNLJ]
Interno #1: Ejecutar mailgate
2020-02-17 09:18:22 [2@DESKTOP-JKQTNLJ]
Interno #1: Ejecutar slaticket
2020-02-17 09:25:01 [2@DESKTOP-JKQTNLJ]
Interno #1: Ejecutar olaticket
2020-02-19 09:58:31 [2@DESKTOP-JKQTNLJ]
Interno #1: Ejecutar planningrecall
2020-02-19 10:08:23 [2@DESKTOP-JKQTNLJ]
Interno #1: Ejecutar queuednotification
2020-02-19 10:22:41 [2@DESKTOP-JKQTNLJ]
Interno #1: Ejecutar graph
2020-02-19 10:28:14 [2@DESKTOP-JKQTNLJ]
Interno #1: Ejecutar reservation
2020-02-19 10:28:48 [6@DESKTOP-JKQTNLJ]
Interno #1: Ejecutar mailgate
2020-02-19 10:35:54 [2@DESKTOP-JKQTNLJ]
Interno #1: Ejecutar slaticket
2020-02-19 10:37:32 [6@DESKTOP-JKQTNLJ]
Interno #1: Ejecutar olaticket
2020-02-19 10:41:33 [2@DESKTOP-JKQTNLJ]
Interno #1: Ejecutar ticketrecurrent
2020-02-19 10:48:02 [2@DESKTOP-JKQTNLJ]
Interno #1: Ejecutar temp
2020-02-19 10:50:44 [11@DESKTOP-JKQTNLJ]
Interno #1: Ejecutar closeticket
2020-02-19 10:55:19 [2@DESKTOP-JKQTNLJ]
Interno #1: Ejecutar alertnotclosed
2020-02-19 11:06:10 [2@DESKTOP-JKQTNLJ]
Interno #1: Ejecutar session
2020-02-19 11:36:29 [2@DESKTOP-JKQTNLJ]
Interno #1: Ejecutar createinquest
2020-02-24 07:43:20 [12@DESKTOP-JKQTNLJ]
Interno #1: Ejecutar watcher
2020-02-24 07:43:29 [2@DESKTOP-JKQTNLJ]
Interno #1: Ejecutar queuednotificationclean
2020-02-24 07:51:10 [2@DESKTOP-JKQTNLJ]
Interno #1: Ejecutar mailgateerror
2020-02-24 07:56:11 [2@DESKTOP-JKQTNLJ]
Interno #1: Ejecutar contract
2020-02-26 09:59:44 [2@DESKTOP-JKQTNLJ]
Interno #1: Ejecutar infocom
2020-02-26 11:48:45 [2@DESKTOP-JKQTNLJ]
Interno #1: Ejecutar planningrecall
