2020-02-12 11:10:58 [@DESKTOP-JKQTNLJ]
[login] 3: Fallo en el inicio de sesión de root desde la IP ::1
2020-02-12 11:13:14 [@DESKTOP-JKQTNLJ]
[login] 3: glpi inició la sesión desde la IP ::1
2020-02-13 10:23:32 [@DESKTOP-JKQTNLJ]
[login] 3: glpi inició la sesión desde la IP ::1
2020-02-17 07:54:37 [@DESKTOP-JKQTNLJ]
[login] 3: alumno inició la sesión desde la IP ::1
2020-02-17 07:55:00 [@DESKTOP-JKQTNLJ]
[login] 3: alumno inició la sesión desde la IP ::1
2020-02-17 07:55:26 [@DESKTOP-JKQTNLJ]
[login] 3: supervisor inició la sesión desde la IP ::1
2020-02-17 07:56:05 [@DESKTOP-JKQTNLJ]
[login] 3: Fallo en el inicio de sesión de admin desde la IP ::1
2020-02-17 07:56:14 [@DESKTOP-JKQTNLJ]
[login] 3: glpi inició la sesión desde la IP ::1
2020-02-17 08:09:45 [@DESKTOP-JKQTNLJ]
[login] 3: alumno inició la sesión desde la IP ::1
2020-02-17 08:13:31 [@DESKTOP-JKQTNLJ]
[login] 3: supervisor inició la sesión desde la IP ::1
2020-02-17 08:16:23 [@DESKTOP-JKQTNLJ]
[login] 3: tecnico inició la sesión desde la IP ::1
2020-02-17 08:18:41 [@DESKTOP-JKQTNLJ]
[login] 3: lector inició la sesión desde la IP ::1
2020-02-17 08:23:57 [@DESKTOP-JKQTNLJ]
[login] 3: alumno inició la sesión desde la IP ::1
2020-02-17 08:38:24 [@DESKTOP-JKQTNLJ]
[login] 3: alumno inició la sesión desde la IP ::1
2020-02-17 08:50:23 [@DESKTOP-JKQTNLJ]
[login] 3: alumno inició la sesión desde la IP ::1
2020-02-17 08:56:49 [@DESKTOP-JKQTNLJ]
[login] 3: alumno inició la sesión desde la IP ::1
2020-02-17 08:57:46 [@DESKTOP-JKQTNLJ]
[login] 3: supervisor inició la sesión desde la IP ::1
2020-02-17 08:58:14 [@DESKTOP-JKQTNLJ]
[login] 3: supervisor inició la sesión desde la IP ::1
2020-02-17 09:12:18 [@DESKTOP-JKQTNLJ]
[login] 3: alumno inició la sesión desde la IP ::1
2020-02-17 09:12:47 [@DESKTOP-JKQTNLJ]
[login] 3: alumno inició la sesión desde la IP ::1
2020-02-17 09:14:03 [@DESKTOP-JKQTNLJ]
[login] 3: alumno inició la sesión desde la IP ::1
2020-02-17 09:14:49 [@DESKTOP-JKQTNLJ]
[login] 3: alumno inició la sesión desde la IP ::1
2020-02-19 10:39:22 [@DESKTOP-JKQTNLJ]
[login] 3: Fallo en el inicio de sesión de tecnico desde la IP ::1
2020-02-19 10:40:04 [@DESKTOP-JKQTNLJ]
[login] 3: Fallo en el inicio de sesión de supervisor desde la IP ::1
2020-02-19 10:40:19 [@DESKTOP-JKQTNLJ]
[login] 3: supervisor inició la sesión desde la IP ::1
2020-02-19 10:40:55 [@DESKTOP-JKQTNLJ]
[login] 3: supervisor inició la sesión desde la IP ::1
2020-02-19 10:41:46 [@DESKTOP-JKQTNLJ]
[login] 3: supervisor inició la sesión desde la IP ::1
2020-02-19 10:42:24 [@DESKTOP-JKQTNLJ]
[login] 3: pepe inició la sesión desde la IP ::1
2020-02-19 10:43:16 [@DESKTOP-JKQTNLJ]
[login] 3: manolo inició la sesión desde la IP ::1
2020-02-19 10:44:31 [@DESKTOP-JKQTNLJ]
[login] 3: manolo inició la sesión desde la IP ::1
2020-02-19 10:51:06 [@DESKTOP-JKQTNLJ]
[login] 3: supervisor inició la sesión desde la IP ::1
2020-02-19 10:51:53 [@DESKTOP-JKQTNLJ]
[login] 3: alumno inició la sesión desde la IP ::1
2020-02-19 10:53:08 [@DESKTOP-JKQTNLJ]
[login] 3: manolo inició la sesión desde la IP ::1
2020-02-19 10:57:29 [@DESKTOP-JKQTNLJ]
[login] 3: antonio inició la sesión desde la IP ::1
2020-02-19 10:59:07 [@DESKTOP-JKQTNLJ]
[login] 3: manolo inició la sesión desde la IP ::1
2020-02-19 11:00:20 [@DESKTOP-JKQTNLJ]
[login] 3: supervisor inició la sesión desde la IP ::1
2020-02-19 11:00:55 [@DESKTOP-JKQTNLJ]
[login] 3: Fallo en el inicio de sesión de glpi desde la IP ::1
2020-02-19 11:01:04 [@DESKTOP-JKQTNLJ]
[login] 3: glpi inició la sesión desde la IP ::1
2020-02-19 11:03:17 [@DESKTOP-JKQTNLJ]
[login] 3: alumno inició la sesión desde la IP ::1
2020-02-19 11:08:08 [@DESKTOP-JKQTNLJ]
[login] 3: Fallo en el inicio de sesión de tecnico desde la IP ::1
2020-02-19 11:08:36 [@DESKTOP-JKQTNLJ]
[login] 3: Fallo en el inicio de sesión de tecnico desde la IP ::1
2020-02-19 11:09:25 [@DESKTOP-JKQTNLJ]
[login] 3: antonio inició la sesión desde la IP ::1
2020-02-19 11:32:36 [@DESKTOP-JKQTNLJ]
[login] 3: Fallo en el inicio de sesión de usuarioprofe desde la IP ::1
2020-02-19 11:32:46 [@DESKTOP-JKQTNLJ]
[login] 3: Fallo en el inicio de sesión de usuarioprofe desde la IP ::1
2020-02-19 11:32:54 [@DESKTOP-JKQTNLJ]
[login] 3: Fallo en el inicio de sesión de usuarioprofe desde la IP ::1
2020-02-19 11:35:46 [@DESKTOP-JKQTNLJ]
[login] 3: usuarioprofe inició la sesión desde la IP ::1
2020-02-24 07:44:54 [@DESKTOP-JKQTNLJ]
[login] 3: alumno inició la sesión desde la IP ::1
2020-02-24 07:45:20 [@DESKTOP-JKQTNLJ]
[login] 3: Fallo en el inicio de sesión de glpi desde la IP ::1
2020-02-24 07:45:26 [@DESKTOP-JKQTNLJ]
[login] 3: manolo inició la sesión desde la IP ::1
2020-02-24 07:45:49 [@DESKTOP-JKQTNLJ]
[login] 3: glpi inició la sesión desde la IP ::1
2020-02-24 07:46:53 [@DESKTOP-JKQTNLJ]
[login] 3: alumno inició la sesión desde la IP ::1
2020-02-24 07:48:59 [@DESKTOP-JKQTNLJ]
[login] 3: manolo inició la sesión desde la IP ::1
2020-02-24 07:53:28 [@DESKTOP-JKQTNLJ]
[login] 3: usuarioprofe inició la sesión desde la IP ::1
2020-02-24 07:53:46 [@DESKTOP-JKQTNLJ]
[login] 3: tecnico inició la sesión desde la IP ::1
2020-02-24 07:56:46 [@DESKTOP-JKQTNLJ]
[login] 3: sergio inició la sesión desde la IP ::1
2020-02-26 10:16:19 [@DESKTOP-JKQTNLJ]
[login] 3: glpi inició la sesión desde la IP ::1
